# JRE version: OpenJDK Runtime Environment (8.0_242-b01) (build 1.8.0_242-release-1644-b01)
# Java VM: OpenJDK 64-Bit Server VM (25.242-b01 mixed mode windows-amd64 compressed oops)
Heap:
 PSYoungGen      total 407040K, used 95798K [0x00000000e0000000, 0x0000000100000000, 0x0000000100000000)
  eden space 377344K, 17% used [0x00000000e0000000,0x00000000e408d918,0x00000000f7080000)
  from space 29696K, 99% used [0x00000000f7080000,0x00000000f8d7ff78,0x00000000f8d80000)
  to   space 52736K, 0% used [0x00000000fcc80000,0x00000000fcc80000,0x0000000100000000)
 ParOldGen       total 161792K, used 96826K [0x00000000a0000000, 0x00000000a9e00000, 0x00000000e0000000)
  object space 161792K, 59% used [0x00000000a0000000,0x00000000a5e8e948,0x00000000a9e00000)
 Metaspace       used 82613K, capacity 86104K, committed 86424K, reserved 1124352K
  class space    used 10874K, capacity 11610K, committed 11688K, reserved 1048576K
GC Heap History (10 events):
Event: 27.585 GC heap before
{Heap before GC invocations=10 (full 2):
 PSYoungGen      total 206336K, used 193536K [0x00000000e0000000, 0x00000000f3d80000, 0x0000000100000000)
  eden space 193536K, 100% used [0x00000000e0000000,0x00000000ebd00000,0x00000000ebd00000)
  from space 12800K, 0% used [0x00000000ebd00000,0x00000000ebd00000,0x00000000ec980000)
  to   space 13312K, 0% used [0x00000000f3080000,0x00000000f3080000,0x00000000f3d80000)
 ParOldGen       total 101376K, used 15642K [0x00000000a0000000, 0x00000000a6300000, 0x00000000e0000000)
  object space 101376K, 15% used [0x00000000a0000000,0x00000000a0f46820,0x00000000a6300000)
 Metaspace       used 43916K, capacity 45674K, committed 45864K, reserved 1089536K
  class space    used 5943K, capacity 6347K, committed 6440K, reserved 1048576K
Event: 27.614 GC heap after
Heap after GC invocations=10 (full 2):
 PSYoungGen      total 308736K, used 13288K [0x00000000e0000000, 0x00000000f4200000, 0x0000000100000000)
  eden space 295424K, 0% used [0x00000000e0000000,0x00000000e0000000,0x00000000f2080000)
  from space 13312K, 99% used [0x00000000f3080000,0x00000000f3d7a1b8,0x00000000f3d80000)
  to   space 16384K, 0% used [0x00000000f2080000,0x00000000f2080000,0x00000000f3080000)
 ParOldGen       total 101376K, used 19781K [0x00000000a0000000, 0x00000000a6300000, 0x00000000e0000000)
  object space 101376K, 19% used [0x00000000a0000000,0x00000000a1351768,0x00000000a6300000)
 Metaspace       used 43916K, capacity 45674K, committed 45864K, reserved 1089536K
  class space    used 5943K, capacity 6347K, committed 6440K, reserved 1048576K
}
Event: 33.220 GC heap before
{Heap before GC invocations=11 (full 2):
 PSYoungGen      total 308736K, used 204728K [0x00000000e0000000, 0x00000000f4200000, 0x0000000100000000)
  eden space 295424K, 64% used [0x00000000e0000000,0x00000000ebaf4100,0x00000000f2080000)
  from space 13312K, 99% used [0x00000000f3080000,0x00000000f3d7a1b8,0x00000000f3d80000)
  to   space 16384K, 0% used [0x00000000f2080000,0x00000000f2080000,0x00000000f3080000)
 ParOldGen       total 101376K, used 19781K [0x00000000a0000000, 0x00000000a6300000, 0x00000000e0000000)
  object space 101376K, 19% used [0x00000000a0000000,0x00000000a1351768,0x00000000a6300000)
 Metaspace       used 56821K, capacity 59020K, committed 59160K, reserved 1099776K
  class space    used 7659K, capacity 8154K, committed 8232K, reserved 1048576K
Event: 33.287 GC heap after
Heap after GC invocations=11 (full 2):
 PSYoungGen      total 311808K, used 16368K [0x00000000e0000000, 0x00000000fa800000, 0x0000000100000000)
  eden space 295424K, 0% used [0x00000000e0000000,0x00000000e0000000,0x00000000f2080000)
  from space 16384K, 99% used [0x00000000f2080000,0x00000000f307c060,0x00000000f3080000)
  to   space 25088K, 0% used [0x00000000f8f80000,0x00000000f8f80000,0x00000000fa800000)
 ParOldGen       total 101376K, used 36441K [0x00000000a0000000, 0x00000000a6300000, 0x00000000e0000000)
  object space 101376K, 35% used [0x00000000a0000000,0x00000000a2396438,0x00000000a6300000)
 Metaspace       used 56821K, capacity 59020K, committed 59160K, reserved 1099776K
  class space    used 7659K, capacity 8154K, committed 8232K, reserved 1048576K
}
Event: 33.287 GC heap before
{Heap before GC invocations=12 (full 3):
 PSYoungGen      total 311808K, used 16368K [0x00000000e0000000, 0x00000000fa800000, 0x0000000100000000)
  eden space 295424K, 0% used [0x00000000e0000000,0x00000000e0000000,0x00000000f2080000)
  from space 16384K, 99% used [0x00000000f2080000,0x00000000f307c060,0x00000000f3080000)
  to   space 25088K, 0% used [0x00000000f8f80000,0x00000000f8f80000,0x00000000fa800000)
 ParOldGen       total 101376K, used 36441K [0x00000000a0000000, 0x00000000a6300000, 0x00000000e0000000)
  object space 101376K, 35% used [0x00000000a0000000,0x00000000a2396438,0x00000000a6300000)
 Metaspace       used 56821K, capacity 59020K, committed 59160K, reserved 1099776K
  class space    used 7659K, capacity 8154K, committed 8232K, reserved 1048576K
Event: 33.665 GC heap after
Heap after GC invocations=12 (full 3):
 PSYoungGen      total 311808K, used 0K [0x00000000e0000000, 0x00000000fa800000, 0x0000000100000000)
  eden space 295424K, 0% used [0x00000000e0000000,0x00000000e0000000,0x00000000f2080000)
  from space 16384K, 0% used [0x00000000f2080000,0x00000000f2080000,0x00000000f3080000)
  to   space 25088K, 0% used [0x00000000f8f80000,0x00000000f8f80000,0x00000000fa800000)
 ParOldGen       total 161792K, used 44681K [0x00000000a0000000, 0x00000000a9e00000, 0x00000000e0000000)
  object space 161792K, 27% used [0x00000000a0000000,0x00000000a2ba24e0,0x00000000a9e00000)
 Metaspace       used 56814K, capacity 58996K, committed 59160K, reserved 1099776K
  class space    used 7657K, capacity 8150K, committed 8232K, reserved 1048576K
}
Event: 53.464 GC heap before
{Heap before GC invocations=13 (full 3):
 PSYoungGen      total 311808K, used 295424K [0x00000000e0000000, 0x00000000fa800000, 0x0000000100000000)
  eden space 295424K, 100% used [0x00000000e0000000,0x00000000f2080000,0x00000000f2080000)
  from space 16384K, 0% used [0x00000000f2080000,0x00000000f2080000,0x00000000f3080000)
  to   space 25088K, 0% used [0x00000000f8f80000,0x00000000f8f80000,0x00000000fa800000)
 ParOldGen       total 161792K, used 44681K [0x00000000a0000000, 0x00000000a9e00000, 0x00000000e0000000)
  object space 161792K, 27% used [0x00000000a0000000,0x00000000a2ba24e0,0x00000000a9e00000)
 Metaspace       used 66761K, capacity 69852K, committed 70040K, reserved 1110016K
  class space    used 9133K, capacity 9773K, committed 9896K, reserved 1048576K
Event: 53.520 GC heap after
Heap after GC invocations=13 (full 3):
 PSYoungGen      total 402432K, used 25059K [0x00000000e0000000, 0x00000000faa80000, 0x0000000100000000)
  eden space 377344K, 0% used [0x00000000e0000000,0x00000000e0000000,0x00000000f7080000)
  from space 25088K, 99% used [0x00000000f8f80000,0x00000000fa7f8f10,0x00000000fa800000)
  to   space 29696K, 0% used [0x00000000f7080000,0x00000000f7080000,0x00000000f8d80000)
 ParOldGen       total 161792K, used 46572K [0x00000000a0000000, 0x00000000a9e00000, 0x00000000e0000000)
  object space 161792K, 28% used [0x00000000a0000000,0x00000000a2d7b238,0x00000000a9e00000)
 Metaspace       used 66761K, capacity 69852K, committed 70040K, reserved 1110016K
  class space    used 9133K, capacity 9773K, committed 9896K, reserved 1048576K
}
Event: 79.495 GC heap before
{Heap before GC invocations=14 (full 3):
 PSYoungGen      total 402432K, used 402403K [0x00000000e0000000, 0x00000000faa80000, 0x0000000100000000)
  eden space 377344K, 100% used [0x00000000e0000000,0x00000000f7080000,0x00000000f7080000)
  from space 25088K, 99% used [0x00000000f8f80000,0x00000000fa7f8f10,0x00000000fa800000)
  to   space 29696K, 0% used [0x00000000f7080000,0x00000000f7080000,0x00000000f8d80000)
 ParOldGen       total 161792K, used 46572K [0x00000000a0000000, 0x00000000a9e00000, 0x00000000e0000000)
  object space 161792K, 28% used [0x00000000a0000000,0x00000000a2d7b238,0x00000000a9e00000)
 Metaspace       used 81010K, capacity 84414K, committed 84760K, reserved 1122304K
  class space    used 10750K, capacity 11477K, committed 11560K, reserved 1048576K
Event: 79.625 GC heap after
Heap after GC invocations=14 (full 3):
 PSYoungGen      total 407040K, used 29695K [0x00000000e0000000, 0x0000000100000000, 0x0000000100000000)
  eden space 377344K, 0% used [0x00000000e0000000,0x00000000e0000000,0x00000000f7080000)
  from space 29696K, 99% used [0x00000000f7080000,0x00000000f8d7ff78,0x00000000f8d80000)
  to   space 52736K, 0% used [0x00000000fcc80000,0x00000000fcc80000,0x0000000100000000)
 ParOldGen       total 161792K, used 96826K [0x00000000a0000000, 0x00000000a9e00000, 0x00000000e0000000)
  object space 161792K, 59% used [0x00000000a0000000,0x00000000a5e8e948,0x00000000a9e00000)
 Metaspace       used 81010K, capacity 84414K, committed 84760K, reserved 1122304K
  class space    used 10750K, capacity 11477K, committed 11560K, reserved 1048576K
}

